{
  "RSpec": {
    "coverage": {
      "/mnt/hgfs/cs-uy-4513-f25-team6/app/models/appointment.rb": {
        "lines": [
          1,
          1,
          1,
          1,
          1,
          null,
          1,
          null,
          1,
          null,
          null,
          null,
          1,
          0,
          null,
          null,
          null,
          null
        ]
      },
      "/mnt/hgfs/cs-uy-4513-f25-team6/app/models/application_record.rb": {
        "lines": [
          1,
          1,
          null
        ]
      },
      "/mnt/hgfs/cs-uy-4513-f25-team6/app/models/doctor.rb": {
        "lines": [
          1,
          1,
          5,
          1,
          null,
          null,
          null,
          null,
          null,
          null,
          null,
          1,
          null,
          7,
          null,
          null,
          7,
          5,
          5,
          null,
          null,
          null,
          7,
          6,
          6,
          null,
          null,
          7,
          null,
          null,
          null,
          null,
          null,
          null,
          null,
          1,
          3,
          null,
          null,
          null,
          null,
          null,
          null,
          1,
          2,
          null,
          null,
          null
        ]
      },
      "/mnt/hgfs/cs-uy-4513-f25-team6/app/models/user.rb": {
        "lines": [
          1,
          null,
          1,
          null,
          null,
          1,
          null,
          1,
          1,
          null,
          1,
          null,
          1,
          null
        ]
      },
      "/mnt/hgfs/cs-uy-4513-f25-team6/app/models/time_slot.rb": {
        "lines": [
          1,
          1,
          1,
          null,
          null,
          1,
          null,
          1,
          null,
          1,
          1,
          null,
          1,
          null,
          1,
          null,
          1,
          79,
          21,
          2,
          2,
          19,
          0,
          0,
          null,
          null,
          null,
          null
        ]
      },
      "/mnt/hgfs/cs-uy-4513-f25-team6/app/models/patient.rb": {
        "lines": [
          1,
          1,
          1,
          1,
          null
        ]
      },
      "/mnt/hgfs/cs-uy-4513-f25-team6/app/models/admin.rb": {
        "lines": [
          1,
          null
        ]
      },
      "/mnt/hgfs/cs-uy-4513-f25-team6/app/helpers/application_helper.rb": {
        "lines": [
          1,
          1,
          78,
          78,
          13,
          null,
          78,
          null,
          null
        ]
      },
      "/mnt/hgfs/cs-uy-4513-f25-team6/app/controllers/appointments_controller.rb": {
        "lines": [
          1,
          11,
          null,
          1,
          7,
          0,
          0,
          0,
          null,
          null,
          7,
          null,
          2,
          null,
          5,
          null,
          5,
          null,
          null,
          null,
          7,
          1,
          1,
          0,
          0,
          null,
          null,
          null,
          null,
          1,
          2,
          2,
          null,
          2,
          1,
          1,
          null,
          null,
          1,
          1,
          null,
          null,
          null
        ]
      },
      "/mnt/hgfs/cs-uy-4513-f25-team6/app/controllers/application_controller.rb": {
        "lines": [
          1,
          null,
          1,
          null,
          1,
          null,
          1,
          null,
          1,
          null,
          1,
          147,
          30,
          36,
          16,
          null,
          null,
          null,
          1,
          95,
          23,
          null,
          null,
          null,
          1,
          4,
          4,
          1,
          1,
          1,
          1,
          null,
          null,
          null
        ]
      },
      "/mnt/hgfs/cs-uy-4513-f25-team6/app/controllers/bills_controller.rb": {
        "lines": [
          1,
          22,
          5,
          1,
          null,
          1,
          2,
          null,
          null,
          1,
          2,
          2,
          null,
          2,
          2,
          2,
          null,
          2,
          1,
          1,
          1,
          null,
          1,
          1,
          null,
          null,
          null,
          1,
          null,
          null,
          1,
          6,
          1,
          1,
          5,
          1,
          1,
          null,
          null,
          4,
          1,
          1,
          1,
          null,
          null,
          3,
          1,
          1,
          1,
          null,
          2,
          2,
          null,
          null,
          null,
          1,
          null,
          1,
          13,
          12,
          2,
          10,
          1,
          null,
          null,
          null,
          1,
          3,
          3,
          null,
          null,
          2,
          null,
          null
        ]
      },
      "/mnt/hgfs/cs-uy-4513-f25-team6/app/controllers/clinics_controller.rb": {
        "lines": [
          1,
          4,
          null,
          1,
          2,
          2,
          2,
          1,
          1,
          null,
          1,
          0,
          null,
          1,
          null,
          null,
          2,
          null,
          null,
          1,
          null,
          5,
          5,
          5,
          null,
          null,
          5,
          1,
          1,
          null,
          null,
          null,
          4,
          null,
          null,
          null,
          null
        ]
      },
      "/mnt/hgfs/cs-uy-4513-f25-team6/app/controllers/dashboard_controller.rb": {
        "lines": [
          1,
          4,
          4,
          7,
          null,
          1,
          3,
          null,
          null,
          null,
          null,
          null,
          null,
          3,
          null,
          null,
          null,
          null,
          1,
          null,
          3,
          null,
          null,
          null,
          null,
          null,
          null,
          1,
          6,
          6,
          6,
          6,
          6,
          null,
          null,
          6,
          null,
          null,
          6,
          6,
          3,
          null,
          null,
          null,
          3,
          2,
          1,
          null,
          null,
          1,
          null,
          null,
          3,
          2,
          null,
          1,
          1,
          null,
          null,
          null,
          null
        ]
      },
      "/mnt/hgfs/cs-uy-4513-f25-team6/app/controllers/doctors_controller.rb": {
        "lines": [
          1,
          5,
          null,
          null,
          null,
          1,
          9,
          8,
          null,
          8,
          2,
          null,
          6,
          null,
          null,
          8,
          2,
          null,
          null,
          null,
          null,
          null,
          1,
          null,
          null,
          null,
          null,
          1,
          null,
          3,
          null,
          1,
          1,
          1,
          null,
          null,
          2,
          2,
          null,
          2,
          1,
          1,
          1,
          null,
          null,
          1,
          1,
          null,
          null,
          null,
          null,
          null,
          null,
          null,
          1,
          3,
          3,
          null,
          3,
          3,
          null,
          1,
          1,
          null,
          0,
          null,
          1,
          null,
          null,
          2,
          1,
          null,
          1,
          1,
          1,
          null,
          0,
          null,
          null,
          2,
          null,
          null,
          null,
          null,
          null,
          null,
          null,
          null,
          null,
          null,
          null,
          null,
          null,
          null,
          null,
          null,
          null,
          null,
          null,
          null,
          null,
          null,
          null,
          null,
          null,
          null,
          null,
          null,
          null,
          null,
          null,
          null,
          null,
          null,
          null
        ]
      },
      "/mnt/hgfs/cs-uy-4513-f25-team6/app/controllers/login_controller.rb": {
        "lines": [
          1,
          null,
          1,
          1,
          8,
          1,
          null,
          7,
          null,
          null,
          null,
          1,
          21,
          21,
          21,
          null,
          21,
          2,
          2,
          2,
          19,
          1,
          1,
          1,
          null,
          null,
          18,
          null,
          null,
          null,
          null,
          18,
          17,
          17,
          17,
          null,
          1,
          1,
          null,
          null,
          null,
          1,
          1,
          1,
          1,
          null,
          null,
          1,
          null,
          1,
          0,
          0,
          null,
          null,
          1,
          17,
          null,
          6,
          null,
          9,
          null,
          2,
          null,
          null,
          null,
          1,
          18,
          null,
          7,
          null,
          9,
          null,
          2,
          null,
          0,
          null,
          null,
          null
        ]
      },
      "/mnt/hgfs/cs-uy-4513-f25-team6/app/controllers/prescriptions_controller.rb": {
        "lines": [
          1,
          6,
          17,
          null,
          null,
          null,
          1,
          2,
          null,
          null,
          null,
          null,
          2,
          2,
          null,
          null,
          null,
          null,
          1,
          3,
          null,
          3,
          1,
          1,
          null,
          null,
          null,
          null,
          null,
          1,
          2,
          2,
          2,
          null,
          2,
          1,
          null,
          null,
          1,
          1,
          1,
          1,
          1,
          null,
          null,
          null,
          1,
          2,
          2,
          null,
          2,
          null,
          2,
          1,
          1,
          null,
          1,
          null,
          2,
          null,
          null,
          1,
          null,
          1,
          2,
          null,
          null,
          1,
          2,
          null,
          null,
          null,
          null,
          null,
          null
        ]
      },
      "/mnt/hgfs/cs-uy-4513-f25-team6/app/models/bill.rb": {
        "lines": [
          1,
          1,
          1,
          1,
          null,
          1,
          1,
          1,
          1,
          null,
          1,
          null,
          3,
          3,
          null,
          1,
          2,
          null,
          null,
          1,
          6,
          null,
          null,
          1,
          2,
          null,
          null,
          1,
          null,
          1,
          35,
          null,
          null
        ]
      },
      "/mnt/hgfs/cs-uy-4513-f25-team6/app/models/clinic.rb": {
        "lines": [
          1,
          1,
          null,
          1,
          1,
          1,
          null,
          null,
          1,
          null,
          8,
          null,
          null,
          8,
          4,
          4,
          null,
          null,
          8,
          4,
          4,
          null,
          null,
          8,
          null,
          null,
          null,
          null,
          1,
          2,
          null,
          null,
          null,
          null,
          null,
          null,
          null,
          null,
          null,
          null,
          null,
          null
        ]
      },
      "/mnt/hgfs/cs-uy-4513-f25-team6/app/models/prescription.rb": {
        "lines": [
          1,
          1,
          1,
          null,
          1,
          null,
          1,
          1,
          1,
          null,
          3,
          3,
          null
        ]
      },
      "/mnt/hgfs/cs-uy-4513-f25-team6/app/controllers/time_slots_controller.rb": {
        "lines": [
          1,
          5,
          17,
          null,
          1,
          3,
          2,
          2,
          2,
          null,
          null,
          null,
          null,
          1,
          7,
          null,
          null,
          1,
          3,
          1,
          1,
          null,
          null,
          2,
          null,
          2,
          1,
          1,
          null,
          1,
          null,
          null,
          null,
          1,
          3,
          3,
          1,
          1,
          2,
          1,
          1,
          null,
          null,
          1,
          1,
          null,
          null
        ]
      },
      "/mnt/hgfs/cs-uy-4513-f25-team6/app/controllers/patients_controller.rb": {
        "lines": [
          1,
          1,
          null,
          null,
          1,
          null,
          3,
          null,
          1,
          1,
          1,
          null,
          null,
          2,
          2,
          null,
          2,
          1,
          1,
          1,
          null,
          null,
          1,
          1,
          null,
          null,
          null,
          null
        ]
      },
      "/mnt/hgfs/cs-uy-4513-f25-team6/app/controllers/admins_controller.rb": {
        "lines": [
          1,
          1,
          null,
          null,
          1,
          null,
          3,
          null,
          1,
          1,
          1,
          null,
          null,
          2,
          2,
          null,
          2,
          1,
          1,
          1,
          null,
          null,
          1,
          1,
          null,
          null,
          null,
          null
        ]
      },
      "/mnt/hgfs/cs-uy-4513-f25-team6/app/jobs/application_job.rb": {
        "lines": [
          0,
          null,
          null,
          null,
          null,
          null,
          0
        ],
        "branches": {}
      },
      "/mnt/hgfs/cs-uy-4513-f25-team6/app/mailers/application_mailer.rb": {
        "lines": [
          0,
          0,
          0,
          0
        ],
        "branches": {}
      }
    },
    "timestamp": 1765414214
  },
  "Cucumber Features": {
    "coverage": {
      "/mnt/hgfs/cs-uy-4513-f25-team6/app/models/appointment.rb": {
        "lines": [
          1,
          1,
          1,
          1,
          1,
          null,
          1,
          null,
          1,
          null,
          null,
          null,
          1,
          8,
          null,
          null,
          null,
          null
        ]
      },
      "/mnt/hgfs/cs-uy-4513-f25-team6/app/models/application_record.rb": {
        "lines": [
          1,
          1,
          null
        ]
      },
      "/mnt/hgfs/cs-uy-4513-f25-team6/app/models/doctor.rb": {
        "lines": [
          1,
          1,
          12,
          1,
          null,
          null,
          null,
          null,
          null,
          null,
          null,
          1,
          null,
          0,
          null,
          null,
          0,
          0,
          0,
          null,
          null,
          null,
          0,
          0,
          0,
          null,
          null,
          0,
          null,
          null,
          null,
          null,
          null,
          null,
          null,
          1,
          0,
          null,
          null,
          null,
          null,
          null,
          null,
          1,
          0,
          null,
          null,
          null
        ]
      },
      "/mnt/hgfs/cs-uy-4513-f25-team6/app/models/user.rb": {
        "lines": [
          1,
          null,
          1,
          null,
          null,
          1,
          null,
          1,
          1,
          null,
          1,
          null,
          1,
          null
        ]
      },
      "/mnt/hgfs/cs-uy-4513-f25-team6/app/models/time_slot.rb": {
        "lines": [
          1,
          1,
          1,
          null,
          null,
          1,
          null,
          1,
          null,
          1,
          1,
          null,
          1,
          null,
          1,
          null,
          1,
          37,
          15,
          0,
          0,
          15,
          0,
          0,
          null,
          null,
          null,
          null
        ]
      },
      "/mnt/hgfs/cs-uy-4513-f25-team6/app/models/patient.rb": {
        "lines": [
          1,
          1,
          1,
          1,
          null
        ]
      },
      "/mnt/hgfs/cs-uy-4513-f25-team6/app/models/admin.rb": {
        "lines": [
          1,
          null
        ]
      },
      "/mnt/hgfs/cs-uy-4513-f25-team6/app/models/clinic.rb": {
        "lines": [
          1,
          1,
          null,
          1,
          1,
          1,
          null,
          null,
          1,
          null,
          8,
          null,
          null,
          8,
          1,
          1,
          null,
          null,
          8,
          2,
          2,
          null,
          null,
          8,
          null,
          null,
          null,
          null,
          1,
          1,
          null,
          null,
          null,
          null,
          null,
          null,
          null,
          null,
          null,
          null,
          null,
          null
        ]
      },
      "/mnt/hgfs/cs-uy-4513-f25-team6/app/controllers/login_controller.rb": {
        "lines": [
          1,
          null,
          1,
          1,
          51,
          0,
          null,
          51,
          null,
          null,
          null,
          1,
          42,
          42,
          42,
          null,
          42,
          0,
          0,
          0,
          42,
          0,
          0,
          0,
          null,
          null,
          42,
          null,
          null,
          null,
          null,
          42,
          41,
          41,
          41,
          null,
          1,
          1,
          null,
          null,
          null,
          1,
          3,
          3,
          3,
          null,
          null,
          1,
          null,
          1,
          0,
          0,
          null,
          null,
          1,
          42,
          null,
          19,
          null,
          14,
          null,
          9,
          null,
          null,
          null,
          1,
          41,
          null,
          19,
          null,
          14,
          null,
          8,
          null,
          0,
          null,
          null,
          null
        ]
      },
      "/mnt/hgfs/cs-uy-4513-f25-team6/app/controllers/application_controller.rb": {
        "lines": [
          1,
          null,
          1,
          null,
          1,
          null,
          1,
          null,
          1,
          null,
          1,
          240,
          55,
          44,
          25,
          null,
          null,
          null,
          1,
          119,
          2,
          null,
          null,
          null,
          1,
          0,
          0,
          0,
          0,
          0,
          0,
          null,
          null,
          null
        ]
      },
      "/mnt/hgfs/cs-uy-4513-f25-team6/app/helpers/application_helper.rb": {
        "lines": [
          1,
          1,
          487,
          487,
          85,
          null,
          487,
          null,
          null
        ]
      },
      "/mnt/hgfs/cs-uy-4513-f25-team6/app/controllers/dashboard_controller.rb": {
        "lines": [
          1,
          23,
          16,
          21,
          null,
          1,
          22,
          null,
          null,
          null,
          null,
          null,
          null,
          22,
          null,
          null,
          null,
          null,
          1,
          null,
          15,
          null,
          null,
          null,
          null,
          null,
          null,
          1,
          20,
          20,
          20,
          20,
          20,
          null,
          null,
          20,
          null,
          null,
          20,
          20,
          3,
          null,
          null,
          null,
          3,
          3,
          0,
          null,
          null,
          0,
          null,
          null,
          3,
          0,
          null,
          3,
          3,
          null,
          null,
          null,
          null
        ]
      },
      "/mnt/hgfs/cs-uy-4513-f25-team6/app/controllers/clinics_controller.rb": {
        "lines": [
          1,
          4,
          null,
          1,
          3,
          3,
          3,
          1,
          1,
          null,
          2,
          1,
          null,
          1,
          null,
          null,
          3,
          null,
          null,
          1,
          null,
          9,
          9,
          9,
          null,
          null,
          9,
          1,
          1,
          null,
          null,
          null,
          8,
          null,
          null,
          null,
          null
        ]
      },
      "/mnt/hgfs/cs-uy-4513-f25-team6/app/controllers/doctors_controller.rb": {
        "lines": [
          1,
          3,
          null,
          null,
          null,
          1,
          6,
          6,
          null,
          6,
          1,
          null,
          5,
          null,
          null,
          6,
          1,
          null,
          null,
          null,
          null,
          null,
          1,
          null,
          null,
          null,
          null,
          1,
          null,
          2,
          null,
          0,
          0,
          0,
          null,
          null,
          2,
          2,
          null,
          2,
          1,
          1,
          1,
          null,
          null,
          1,
          1,
          null,
          null,
          null,
          null,
          null,
          null,
          null,
          1,
          2,
          2,
          null,
          2,
          2,
          null,
          0,
          0,
          null,
          0,
          null,
          0,
          null,
          null,
          2,
          1,
          null,
          1,
          1,
          1,
          null,
          0,
          null,
          null,
          2,
          null,
          null,
          null,
          null,
          null,
          null,
          null,
          null,
          null,
          null,
          null,
          null,
          null,
          null,
          null,
          null,
          null,
          null,
          null,
          null,
          null,
          null,
          null,
          null,
          null,
          null,
          null,
          null,
          null,
          null,
          null,
          null,
          null,
          null,
          null
        ]
      },
      "/mnt/hgfs/cs-uy-4513-f25-team6/app/controllers/time_slots_controller.rb": {
        "lines": [
          1,
          8,
          10,
          null,
          1,
          7,
          7,
          7,
          7,
          null,
          null,
          null,
          null,
          1,
          5,
          null,
          null,
          1,
          2,
          0,
          0,
          null,
          null,
          2,
          null,
          2,
          2,
          2,
          null,
          0,
          null,
          null,
          null,
          1,
          1,
          1,
          0,
          0,
          1,
          0,
          0,
          null,
          null,
          1,
          1,
          null,
          null
        ]
      },
      "/mnt/hgfs/cs-uy-4513-f25-team6/app/controllers/patients_controller.rb": {
        "lines": [
          1,
          1,
          null,
          null,
          1,
          null,
          4,
          null,
          0,
          0,
          0,
          null,
          null,
          4,
          4,
          null,
          4,
          2,
          2,
          2,
          null,
          null,
          2,
          2,
          null,
          null,
          null,
          null
        ]
      },
      "/mnt/hgfs/cs-uy-4513-f25-team6/app/controllers/admins_controller.rb": {
        "lines": [
          1,
          1,
          null,
          null,
          1,
          null,
          2,
          null,
          0,
          0,
          0,
          null,
          null,
          2,
          2,
          null,
          2,
          1,
          1,
          1,
          null,
          null,
          1,
          1,
          null,
          null,
          null,
          null
        ]
      },
      "/mnt/hgfs/cs-uy-4513-f25-team6/app/controllers/appointments_controller.rb": {
        "lines": [
          1,
          12,
          null,
          1,
          8,
          0,
          0,
          0,
          null,
          null,
          8,
          null,
          6,
          null,
          2,
          null,
          2,
          null,
          null,
          null,
          8,
          1,
          0,
          1,
          1,
          null,
          null,
          null,
          null,
          1,
          2,
          2,
          null,
          2,
          1,
          1,
          null,
          null,
          1,
          1,
          null,
          null,
          null
        ]
      },
      "/mnt/hgfs/cs-uy-4513-f25-team6/app/models/bill.rb": {
        "lines": [
          1,
          1,
          1,
          1,
          null,
          1,
          1,
          1,
          1,
          null,
          1,
          null,
          1,
          1,
          null,
          1,
          2,
          null,
          null,
          1,
          3,
          null,
          null,
          1,
          6,
          null,
          null,
          1,
          null,
          1,
          12,
          null,
          null
        ]
      },
      "/mnt/hgfs/cs-uy-4513-f25-team6/app/controllers/bills_controller.rb": {
        "lines": [
          1,
          19,
          7,
          1,
          null,
          1,
          3,
          null,
          null,
          1,
          3,
          3,
          null,
          3,
          3,
          3,
          null,
          3,
          1,
          1,
          1,
          null,
          2,
          2,
          null,
          null,
          null,
          1,
          null,
          null,
          1,
          3,
          0,
          0,
          3,
          0,
          0,
          null,
          null,
          3,
          1,
          1,
          1,
          null,
          null,
          2,
          1,
          1,
          1,
          null,
          1,
          1,
          null,
          null,
          null,
          1,
          null,
          1,
          12,
          12,
          1,
          11,
          1,
          null,
          null,
          null,
          1,
          2,
          2,
          null,
          null,
          1,
          null,
          null
        ]
      },
      "/mnt/hgfs/cs-uy-4513-f25-team6/app/models/prescription.rb": {
        "lines": [
          1,
          1,
          1,
          null,
          1,
          null,
          1,
          1,
          1,
          null,
          7,
          7,
          null
        ]
      },
      "/mnt/hgfs/cs-uy-4513-f25-team6/app/controllers/prescriptions_controller.rb": {
        "lines": [
          1,
          7,
          1,
          null,
          null,
          null,
          1,
          6,
          null,
          null,
          null,
          null,
          6,
          6,
          null,
          null,
          null,
          null,
          1,
          0,
          null,
          0,
          0,
          0,
          null,
          null,
          null,
          null,
          null,
          1,
          0,
          0,
          0,
          null,
          0,
          0,
          null,
          null,
          0,
          0,
          0,
          0,
          0,
          null,
          null,
          null,
          1,
          0,
          0,
          null,
          0,
          null,
          0,
          0,
          0,
          null,
          0,
          null,
          0,
          null,
          null,
          1,
          null,
          1,
          0,
          null,
          null,
          1,
          0,
          null,
          null,
          null,
          null,
          null,
          null
        ]
      },
      "/mnt/hgfs/cs-uy-4513-f25-team6/app/jobs/application_job.rb": {
        "lines": [
          0,
          null,
          null,
          null,
          null,
          null,
          0
        ],
        "branches": {}
      },
      "/mnt/hgfs/cs-uy-4513-f25-team6/app/mailers/application_mailer.rb": {
        "lines": [
          0,
          0,
          0,
          0
        ],
        "branches": {}
      }
    },
    "timestamp": 1765414236
  }
}
